<?xml version="1.0" encoding="UTF-8"?>
<testsuite name="tests.ContactModificationTest" tests="1" skipped="0" failures="0" errors="0" timestamp="2018-02-04T16:18:29" hostname="Anton1981" time="6.5">
  <properties/>
  <testcase name="testContModify" classname="tests.ContactModificationTest" time="6.5"/>
  <system-out><![CDATA[]]></system-out>
  <system-err><![CDATA[]]></system-err>
</testsuite>
